<?xml version="1.0" encoding="UTF-8"?>
<!-- Generated by org.testng.reporters.JUnitXMLReporter -->
<testsuite ignored="0" hostname="APMOSYSLT0129" failures="0" tests="6" name="Test5" time="0.04" errors="0" timestamp="2023-05-19T11:17:57 IST">
  <testcase classname="KomalTestNGPractices.TestClass" name="Test1" time="0.004"/>
  <testcase classname="KomalTestNGPractices.TestClass" name="Test2" time="0.002"/>
  <testcase classname="KomalTestNGPractices.TestClass" name="Test3" time="0.001"/>
  <testcase classname="KomalTestNGPractices.TestClass" name="Test4" time="0.004"/>
  <testcase classname="KomalTestNGPractices.TestClass" name="Test5" time="0.001"/>
  <testcase classname="KomalTestNGPractices.TestClass" name="Test6" time="0.001"/>
</testsuite> <!-- Test5 -->
